[35m[1mScanning dependencies of target visualization_msgs_generate_messages_nodejs[0m
[  0%] Built target visualization_msgs_generate_messages_nodejs
[35m[1mScanning dependencies of target rosgraph_msgs_generate_messages_nodejs[0m
[  0%] Built target rosgraph_msgs_generate_messages_nodejs
[35m[1mScanning dependencies of target actionlib_generate_messages_cpp[0m
[  0%] Built target actionlib_generate_messages_cpp
[35m[1mScanning dependencies of target actionlib_msgs_generate_messages_py[0m
[  0%] Built target actionlib_msgs_generate_messages_py
[35m[1mScanning dependencies of target actionlib_msgs_generate_messages_eus[0m
[  0%] Built target actionlib_msgs_generate_messages_eus
[35m[1mScanning dependencies of target rosgraph_msgs_generate_messages_eus[0m
[  0%] Built target rosgraph_msgs_generate_messages_eus
[35m[1mScanning dependencies of target roscpp_generate_messages_py[0m
[  0%] Built target roscpp_generate_messages_py
[35m[1mScanning dependencies of target roscpp_generate_messages_eus[0m
[  0%] Built target roscpp_generate_messages_eus
[35m[1mScanning dependencies of target std_msgs_generate_messages_py[0m
[  0%] Built target std_msgs_generate_messages_py
[35m[1mScanning dependencies of target std_msgs_generate_messages_nodejs[0m
[  0%] Built target std_msgs_generate_messages_nodejs
[35m[1mScanning dependencies of target geometry_msgs_generate_messages_eus[0m
[  0%] Built target geometry_msgs_generate_messages_eus
[35m[1mScanning dependencies of target visualization_msgs_generate_messages_py[0m
[  0%] Built target visualization_msgs_generate_messages_py
[35m[1mScanning dependencies of target roadmap_msgs_generate_messages_lisp[0m
[  0%] Built target roadmap_msgs_generate_messages_lisp
[35m[1mScanning dependencies of target sensor_msgs_generate_messages_cpp[0m
[  0%] Built target sensor_msgs_generate_messages_cpp
[35m[1mScanning dependencies of target roadmap_msgs_generate_messages_eus[0m
[  0%] Built target roadmap_msgs_generate_messages_eus
[35m[1mScanning dependencies of target actionlib_msgs_generate_messages_cpp[0m
[  0%] Built target actionlib_msgs_generate_messages_cpp
[35m[1mScanning dependencies of target roscpp_generate_messages_cpp[0m
[  0%] Built target roscpp_generate_messages_cpp
[35m[1mScanning dependencies of target geometry_msgs_generate_messages_py[0m
[  0%] Built target geometry_msgs_generate_messages_py
[35m[1mScanning dependencies of target tf2_msgs_generate_messages_eus[0m
[  0%] Built target tf2_msgs_generate_messages_eus
[35m[1mScanning dependencies of target sensor_msgs_generate_messages_py[0m
[  0%] Built target sensor_msgs_generate_messages_py
[35m[1mScanning dependencies of target roadmap_msgs_generate_messages_nodejs[0m
[  0%] Built target roadmap_msgs_generate_messages_nodejs
[35m[1mScanning dependencies of target roscpp_generate_messages_lisp[0m
[  0%] Built target roscpp_generate_messages_lisp
[35m[1mScanning dependencies of target actionlib_generate_messages_lisp[0m
[  0%] Built target actionlib_generate_messages_lisp
[35m[1mScanning dependencies of target tf2_msgs_generate_messages_lisp[0m
[  0%] Built target tf2_msgs_generate_messages_lisp
[35m[1mScanning dependencies of target rosgraph_msgs_generate_messages_py[0m
[  0%] Built target rosgraph_msgs_generate_messages_py
[35m[1mScanning dependencies of target geometry_msgs_generate_messages_cpp[0m
[  0%] Built target geometry_msgs_generate_messages_cpp
[35m[1mScanning dependencies of target tf2_msgs_generate_messages_py[0m
[  0%] Built target tf2_msgs_generate_messages_py
[35m[1mScanning dependencies of target visualization_msgs_generate_messages_eus[0m
[  0%] Built target visualization_msgs_generate_messages_eus
[35m[1mScanning dependencies of target geometry_msgs_generate_messages_nodejs[0m
[  0%] Built target geometry_msgs_generate_messages_nodejs
[35m[1mScanning dependencies of target visualization_msgs_generate_messages_lisp[0m
[  0%] Built target visualization_msgs_generate_messages_lisp
[35m[1mScanning dependencies of target std_msgs_generate_messages_cpp[0m
[  0%] Built target std_msgs_generate_messages_cpp
[35m[1mScanning dependencies of target rosgraph_msgs_generate_messages_lisp[0m
[  0%] Built target rosgraph_msgs_generate_messages_lisp
[35m[1mScanning dependencies of target tf_generate_messages_eus[0m
[  0%] Built target tf_generate_messages_eus
[35m[1mScanning dependencies of target tf2_msgs_generate_messages_cpp[0m
[  0%] Built target tf2_msgs_generate_messages_cpp
[35m[1mScanning dependencies of target actionlib_generate_messages_eus[0m
[  0%] Built target actionlib_generate_messages_eus
[35m[1mScanning dependencies of target rosgraph_msgs_generate_messages_cpp[0m
[  0%] Built target rosgraph_msgs_generate_messages_cpp
[35m[1mScanning dependencies of target roscpp_generate_messages_nodejs[0m
[  0%] Built target roscpp_generate_messages_nodejs
[35m[1mScanning dependencies of target geometry_msgs_generate_messages_lisp[0m
[  0%] Built target geometry_msgs_generate_messages_lisp
[35m[1mScanning dependencies of target tf_generate_messages_cpp[0m
[  0%] Built target tf_generate_messages_cpp
[35m[1mScanning dependencies of target std_msgs_generate_messages_lisp[0m
[  0%] Built target std_msgs_generate_messages_lisp
[35m[1mScanning dependencies of target roadmap_msgs_generate_messages_py[0m
[  0%] Built target roadmap_msgs_generate_messages_py
[35m[1mScanning dependencies of target tf_generate_messages_lisp[0m
[  0%] Built target tf_generate_messages_lisp
[35m[1mScanning dependencies of target tf_generate_messages_nodejs[0m
[  0%] Built target tf_generate_messages_nodejs
[35m[1mScanning dependencies of target visualization_msgs_generate_messages_cpp[0m
[  0%] Built target visualization_msgs_generate_messages_cpp
[35m[1mScanning dependencies of target sensor_msgs_generate_messages_eus[0m
[  0%] Built target sensor_msgs_generate_messages_eus
[35m[1mScanning dependencies of target sensor_msgs_generate_messages_lisp[0m
[  0%] Built target sensor_msgs_generate_messages_lisp
[35m[1mScanning dependencies of target roadmap_msgs_generate_messages_cpp[0m
[  0%] Built target roadmap_msgs_generate_messages_cpp
[35m[1mScanning dependencies of target sensor_msgs_generate_messages_nodejs[0m
[  0%] Built target sensor_msgs_generate_messages_nodejs
[35m[1mScanning dependencies of target actionlib_generate_messages_nodejs[0m
[  0%] Built target actionlib_generate_messages_nodejs
[35m[1mScanning dependencies of target actionlib_generate_messages_py[0m
[  0%] Built target actionlib_generate_messages_py
[35m[1mScanning dependencies of target tf_generate_messages_py[0m
[  0%] Built target tf_generate_messages_py
[35m[1mScanning dependencies of target std_msgs_generate_messages_eus[0m
[  0%] Built target std_msgs_generate_messages_eus
[35m[1mScanning dependencies of target actionlib_msgs_generate_messages_nodejs[0m
[  0%] Built target actionlib_msgs_generate_messages_nodejs
[35m[1mScanning dependencies of target actionlib_msgs_generate_messages_lisp[0m
[  0%] Built target actionlib_msgs_generate_messages_lisp
[35m[1mScanning dependencies of target tf2_msgs_generate_messages_nodejs[0m
[  0%] Built target tf2_msgs_generate_messages_nodejs
[35m[1mScanning dependencies of target roadmap[0m
[ 11%] [32mBuilding CXX object CMakeFiles/roadmap.dir/src/roadmap.cpp.o[0m
[ 22%] [32mBuilding CXX object CMakeFiles/roadmap.dir/src/configuration.cpp.o[0m
[ 33%] [32mBuilding CXX object CMakeFiles/roadmap.dir/src/reader.cpp.o[0m
[ 44%] [32mBuilding CXX object CMakeFiles/roadmap.dir/src/spline_converter.cpp.o[0m
[ 55%] [32mBuilding CXX object CMakeFiles/roadmap.dir/src/spline/spline.cpp.o[0m
[ 66%] [32mBuilding CXX object CMakeFiles/roadmap.dir/src/spline/Clothoid.cpp.o[0m
[01m[K/workspace/src/roadmap/roadmap/src/spline/Clothoid.cpp:[m[K In function ‘[01m[Kvoid Clothoid::evalXYaLarge(int, Clothoid::valueType, Clothoid::valueType, Clothoid::valueType*, Clothoid::valueType*)[m[K’:
[01m[K/workspace/src/roadmap/roadmap/src/spline/Clothoid.cpp:391:19:[m[K [01;35m[Kwarning: [m[KISO C++ forbids variable length array ‘[01m[KCl[m[K’ [[01;35m[K-Wvla[m[K]
  391 |         valueType [01;35m[KCl[m[K[nk], Sl[nk], Cz[nk], Sz[nk];
      |                   [01;35m[K^~[m[K
[01m[K/workspace/src/roadmap/roadmap/src/spline/Clothoid.cpp:391:27:[m[K [01;35m[Kwarning: [m[KISO C++ forbids variable length array ‘[01m[KSl[m[K’ [[01;35m[K-Wvla[m[K]
  391 |         valueType Cl[nk], [01;35m[KSl[m[K[nk], Cz[nk], Sz[nk];
      |                           [01;35m[K^~[m[K
[01m[K/workspace/src/roadmap/roadmap/src/spline/Clothoid.cpp:391:35:[m[K [01;35m[Kwarning: [m[KISO C++ forbids variable length array ‘[01m[KCz[m[K’ [[01;35m[K-Wvla[m[K]
  391 |         valueType Cl[nk], Sl[nk], [01;35m[KCz[m[K[nk], Sz[nk];
      |                                   [01;35m[K^~[m[K
[01m[K/workspace/src/roadmap/roadmap/src/spline/Clothoid.cpp:391:43:[m[K [01;35m[Kwarning: [m[KISO C++ forbids variable length array ‘[01m[KSz[m[K’ [[01;35m[K-Wvla[m[K]
  391 |         valueType Cl[nk], Sl[nk], Cz[nk], [01;35m[KSz[m[K[nk];
      |                                           [01;35m[K^~[m[K
[01m[K/workspace/src/roadmap/roadmap/src/spline/Clothoid.cpp:[m[K In function ‘[01m[Kvoid Clothoid::evalXYaSmall(Clothoid::valueType, Clothoid::valueType, int, Clothoid::valueType&, Clothoid::valueType&)[m[K’:
[01m[K/workspace/src/roadmap/roadmap/src/spline/Clothoid.cpp:496:19:[m[K [01;35m[Kwarning: [m[KISO C++ forbids variable length array ‘[01m[KX0[m[K’ [[01;35m[K-Wvla[m[K]
  496 |         valueType [01;35m[KX0[m[K[nkk], Y0[nkk];
      |                   [01;35m[K^~[m[K
[01m[K/workspace/src/roadmap/roadmap/src/spline/Clothoid.cpp:496:28:[m[K [01;35m[Kwarning: [m[KISO C++ forbids variable length array ‘[01m[KY0[m[K’ [[01;35m[K-Wvla[m[K]
  496 |         valueType X0[nkk], [01;35m[KY0[m[K[nkk];
      |                            [01;35m[K^~[m[K
[01m[K/workspace/src/roadmap/roadmap/src/spline/Clothoid.cpp:[m[K In function ‘[01m[Kvoid Clothoid::evalXYaSmall(int, Clothoid::valueType, Clothoid::valueType, int, Clothoid::valueType*, Clothoid::valueType*)[m[K’:
[01m[K/workspace/src/roadmap/roadmap/src/spline/Clothoid.cpp:531:19:[m[K [01;35m[Kwarning: [m[KISO C++ forbids variable length array ‘[01m[KX0[m[K’ [[01;35m[K-Wvla[m[K]
  531 |         valueType [01;35m[KX0[m[K[nkk], Y0[nkk];
      |                   [01;35m[K^~[m[K
[01m[K/workspace/src/roadmap/roadmap/src/spline/Clothoid.cpp:531:28:[m[K [01;35m[Kwarning: [m[KISO C++ forbids variable length array ‘[01m[KY0[m[K’ [[01;35m[K-Wvla[m[K]
  531 |         valueType X0[nkk], [01;35m[KY0[m[K[nkk];
      |                            [01;35m[K^~[m[K
[ 77%] [32m[1mLinking CXX shared library /workspace/devel/.private/roadmap/lib/libroadmap.so[0m
[ 77%] Built target roadmap
[35m[1mScanning dependencies of target roadmap_node[0m
[ 88%] [32mBuilding CXX object CMakeFiles/roadmap_node.dir/src/roadmap_node.cpp.o[0m
[100%] [32m[1mLinking CXX executable /workspace/devel/.private/roadmap/lib/roadmap/roadmap_node[0m
[100%] Built target roadmap_node
