[35m[1mScanning dependencies of target nav_msgs_generate_messages_eus[0m
[35m[1mScanning dependencies of target nav_msgs_generate_messages_lisp[0m
[35m[1mScanning dependencies of target dynamic_reconfigure_generate_messages_lisp[0m
[35m[1mScanning dependencies of target mpc_planner_jackalsimulator_gencfg[0m
[  0%] Built target nav_msgs_generate_messages_eus
[  0%] Built target dynamic_reconfigure_generate_messages_lisp
[35m[1mScanning dependencies of target mpc_planner_msgs_generate_messages_nodejs[0m
[  0%] Built target nav_msgs_generate_messages_lisp
[ 33%] [34m[1mGenerating dynamic reconfigure files from cfg/jackalsimulator.cfg: /workspace/devel/.private/mpc_planner_jackalsimulator/include/mpc_planner_jackalsimulator/jackalsimulatorConfig.h /workspace/devel/.private/mpc_planner_jackalsimulator/lib/python3/dist-packages/mpc_planner_jackalsimulator/cfg/jackalsimulatorConfig.py[0m
[35m[1mScanning dependencies of target mpc_planner_msgs_generate_messages_py[0m
[35m[1mScanning dependencies of target mpc_planner_msgs_generate_messages_lisp[0m
[ 33%] Built target mpc_planner_msgs_generate_messages_nodejs
[ 33%] Built target mpc_planner_msgs_generate_messages_py
[ 33%] Built target mpc_planner_msgs_generate_messages_lisp
[35m[1mScanning dependencies of target dynamic_reconfigure_gencfg[0m
[35m[1mScanning dependencies of target mpc_planner_msgs_generate_messages_eus[0m
[ 33%] Built target dynamic_reconfigure_gencfg
[35m[1mScanning dependencies of target geometry_msgs_generate_messages_eus[0m
[35m[1mScanning dependencies of target std_msgs_generate_messages_nodejs[0m
[ 33%] Built target mpc_planner_msgs_generate_messages_eus
[ 33%] Built target geometry_msgs_generate_messages_eus
Generating reconfiguration files for jackalsimulator in mpc_planner_jackalsimulator
[ 33%] Built target std_msgs_generate_messages_nodejs
Wrote header file in /workspace/devel/.private/mpc_planner_jackalsimulator/include/mpc_planner_jackalsimulator/jackalsimulatorConfig.h
[35m[1mScanning dependencies of target tf_generate_messages_nodejs[0m
[35m[1mScanning dependencies of target std_msgs_generate_messages_py[0m
[ 33%] Built target tf_generate_messages_nodejs
[35m[1mScanning dependencies of target std_msgs_generate_messages_cpp[0m
[ 33%] Built target std_msgs_generate_messages_py
[ 33%] Built target std_msgs_generate_messages_cpp
[35m[1mScanning dependencies of target rosgraph_msgs_generate_messages_nodejs[0m
[35m[1mScanning dependencies of target actionlib_generate_messages_cpp[0m
[35m[1mScanning dependencies of target actionlib_msgs_generate_messages_py[0m
[ 33%] Built target mpc_planner_jackalsimulator_gencfg
[ 33%] Built target actionlib_generate_messages_cpp
[35m[1mScanning dependencies of target roscpp_generate_messages_lisp[0m
[ 33%] Built target rosgraph_msgs_generate_messages_nodejs
[ 33%] Built target roscpp_generate_messages_lisp
[ 33%] Built target actionlib_msgs_generate_messages_py
[35m[1mScanning dependencies of target std_msgs_generate_messages_lisp[0m
[35m[1mScanning dependencies of target actionlib_generate_messages_lisp[0m
[35m[1mScanning dependencies of target rosgraph_msgs_generate_messages_lisp[0m
[35m[1mScanning dependencies of target tf_generate_messages_eus[0m
[ 33%] Built target actionlib_generate_messages_lisp
[ 33%] Built target tf_generate_messages_eus
[ 33%] Built target rosgraph_msgs_generate_messages_lisp
[ 33%] Built target std_msgs_generate_messages_lisp
[35m[1mScanning dependencies of target actionlib_msgs_generate_messages_eus[0m
[35m[1mScanning dependencies of target dynamic_reconfigure_generate_messages_py[0m
[35m[1mScanning dependencies of target rosgraph_msgs_generate_messages_py[0m
[ 33%] Built target actionlib_msgs_generate_messages_eus
[35m[1mScanning dependencies of target roscpp_generate_messages_py[0m
[ 33%] Built target rosgraph_msgs_generate_messages_py
[ 33%] Built target dynamic_reconfigure_generate_messages_py
[35m[1mScanning dependencies of target roscpp_generate_messages_eus[0m
[35m[1mScanning dependencies of target roscpp_generate_messages_cpp[0m
[ 33%] Built target roscpp_generate_messages_eus
[ 33%] Built target roscpp_generate_messages_py
[ 33%] Built target roscpp_generate_messages_cpp
[35m[1mScanning dependencies of target dynamic_reconfigure_generate_messages_nodejs[0m
[35m[1mScanning dependencies of target visualization_msgs_generate_messages_lisp[0m
[35m[1mScanning dependencies of target tf2_msgs_generate_messages_py[0m
[35m[1mScanning dependencies of target geometry_msgs_generate_messages_cpp[0m
[ 33%] Built target dynamic_reconfigure_generate_messages_nodejs
[ 33%] Built target geometry_msgs_generate_messages_cpp
[35m[1mScanning dependencies of target nav_msgs_generate_messages_cpp[0m
[ 33%] Built target tf2_msgs_generate_messages_py
[ 33%] Built target nav_msgs_generate_messages_cpp
[ 33%] Built target visualization_msgs_generate_messages_lisp
[35m[1mScanning dependencies of target visualization_msgs_generate_messages_eus[0m
[35m[1mScanning dependencies of target nav_msgs_generate_messages_py[0m
[35m[1mScanning dependencies of target tf_generate_messages_lisp[0m
[35m[1mScanning dependencies of target guidance_planner_gencfg[0m
[ 33%] Built target visualization_msgs_generate_messages_eus
[ 33%] Built target nav_msgs_generate_messages_py
[ 33%] Built target tf_generate_messages_lisp
[35m[1mScanning dependencies of target geometry_msgs_generate_messages_lisp[0m
[ 33%] Built target guidance_planner_gencfg
[35m[1mScanning dependencies of target tf_generate_messages_cpp[0m
[35m[1mScanning dependencies of target dynamic_reconfigure_generate_messages_cpp[0m
[ 33%] Built target geometry_msgs_generate_messages_lisp
[35m[1mScanning dependencies of target roscpp_generate_messages_nodejs[0m
[ 33%] Built target tf_generate_messages_cpp
[35m[1mScanning dependencies of target geometry_msgs_generate_messages_py[0m
[35m[1mScanning dependencies of target rosgraph_msgs_generate_messages_eus[0m
[ 33%] Built target dynamic_reconfigure_generate_messages_cpp
[ 33%] Built target roscpp_generate_messages_nodejs
[ 33%] Built target rosgraph_msgs_generate_messages_eus
[ 33%] Built target geometry_msgs_generate_messages_py
[35m[1mScanning dependencies of target nav_msgs_generate_messages_nodejs[0m
[35m[1mScanning dependencies of target sensor_msgs_generate_messages_py[0m
[35m[1mScanning dependencies of target mpc_planner_msgs_generate_messages_cpp[0m
[35m[1mScanning dependencies of target tf2_msgs_generate_messages_eus[0m
[ 33%] Built target nav_msgs_generate_messages_nodejs
[ 33%] Built target sensor_msgs_generate_messages_py
[ 33%] Built target mpc_planner_msgs_generate_messages_cpp
[35m[1mScanning dependencies of target sensor_msgs_generate_messages_cpp[0m
[35m[1mScanning dependencies of target rosgraph_msgs_generate_messages_cpp[0m
[35m[1mScanning dependencies of target sensor_msgs_generate_messages_nodejs[0m
[ 33%] Built target sensor_msgs_generate_messages_cpp
[ 33%] Built target tf2_msgs_generate_messages_eus
[ 33%] Built target sensor_msgs_generate_messages_nodejs
[ 33%] Built target rosgraph_msgs_generate_messages_cpp
[35m[1mScanning dependencies of target actionlib_generate_messages_eus[0m
[35m[1mScanning dependencies of target sensor_msgs_generate_messages_eus[0m
[ 33%] Built target actionlib_generate_messages_eus
[ 33%] Built target sensor_msgs_generate_messages_eus
[35m[1mScanning dependencies of target actionlib_msgs_generate_messages_cpp[0m
[35m[1mScanning dependencies of target sensor_msgs_generate_messages_lisp[0m
[35m[1mScanning dependencies of target visualization_msgs_generate_messages_cpp[0m
[ 33%] Built target actionlib_msgs_generate_messages_cpp
[ 33%] Built target visualization_msgs_generate_messages_cpp
[ 33%] Built target sensor_msgs_generate_messages_lisp
[35m[1mScanning dependencies of target actionlib_generate_messages_py[0m
[35m[1mScanning dependencies of target actionlib_generate_messages_nodejs[0m
[35m[1mScanning dependencies of target tf_generate_messages_py[0m
[ 33%] Built target actionlib_generate_messages_py
[35m[1mScanning dependencies of target std_msgs_generate_messages_eus[0m
[ 33%] Built target std_msgs_generate_messages_eus
[ 33%] Built target actionlib_generate_messages_nodejs
[ 33%] Built target tf_generate_messages_py
[35m[1mScanning dependencies of target tf2_msgs_generate_messages_lisp[0m
[35m[1mScanning dependencies of target actionlib_msgs_generate_messages_nodejs[0m
[35m[1mScanning dependencies of target actionlib_msgs_generate_messages_lisp[0m
[35m[1mScanning dependencies of target tf2_msgs_generate_messages_nodejs[0m
[ 33%] Built target tf2_msgs_generate_messages_lisp
[ 33%] Built target actionlib_msgs_generate_messages_nodejs
[ 33%] Built target actionlib_msgs_generate_messages_lisp
[ 33%] Built target tf2_msgs_generate_messages_nodejs
[35m[1mScanning dependencies of target visualization_msgs_generate_messages_nodejs[0m
[35m[1mScanning dependencies of target visualization_msgs_generate_messages_py[0m
[ 33%] Built target visualization_msgs_generate_messages_nodejs
[35m[1mScanning dependencies of target dynamic_reconfigure_generate_messages_eus[0m
[35m[1mScanning dependencies of target geometry_msgs_generate_messages_nodejs[0m
[35m[1mScanning dependencies of target tf2_msgs_generate_messages_cpp[0m
[ 33%] Built target visualization_msgs_generate_messages_py
[ 33%] Built target tf2_msgs_generate_messages_cpp
[ 33%] Built target geometry_msgs_generate_messages_nodejs
[ 33%] Built target dynamic_reconfigure_generate_messages_eus
[35m[1mScanning dependencies of target jackalsimulator_planner[0m
[ 66%] [32mBuilding CXX object CMakeFiles/jackalsimulator_planner.dir/src/ros1_jackalsimulator.cpp.o[0m
[100%] [32m[1mLinking CXX executable /workspace/devel/.private/mpc_planner_jackalsimulator/lib/mpc_planner_jackalsimulator/jackalsimulator_planner[0m
[100%] Built target jackalsimulator_planner
