Linked: (/workspace/devel/.private/roadmap_msgs/share/common-lisp/ros/roadmap_msgs/msg/RoadPolylineArray.lisp, /workspace/devel/share/common-lisp/ros/roadmap_msgs/msg/RoadPolylineArray.lisp)
Linked: (/workspace/devel/.private/roadmap_msgs/share/common-lisp/ros/roadmap_msgs/msg/_package.lisp, /workspace/devel/share/common-lisp/ros/roadmap_msgs/msg/_package.lisp)
Linked: (/workspace/devel/.private/roadmap_msgs/share/common-lisp/ros/roadmap_msgs/msg/RoadPolyline.lisp, /workspace/devel/share/common-lisp/ros/roadmap_msgs/msg/RoadPolyline.lisp)
Linked: (/workspace/devel/.private/roadmap_msgs/share/common-lisp/ros/roadmap_msgs/msg/_package_RoadPolyline.lisp, /workspace/devel/share/common-lisp/ros/roadmap_msgs/msg/_package_RoadPolyline.lisp)
Linked: (/workspace/devel/.private/roadmap_msgs/share/common-lisp/ros/roadmap_msgs/msg/_package_RoadPolylineArray.lisp, /workspace/devel/share/common-lisp/ros/roadmap_msgs/msg/_package_RoadPolylineArray.lisp)
Linked: (/workspace/devel/.private/roadmap_msgs/share/common-lisp/ros/roadmap_msgs/msg/roadmap_msgs-msg.asd, /workspace/devel/share/common-lisp/ros/roadmap_msgs/msg/roadmap_msgs-msg.asd)
Linked: (/workspace/devel/.private/roadmap_msgs/share/roseus/ros/roadmap_msgs/manifest.l, /workspace/devel/share/roseus/ros/roadmap_msgs/manifest.l)
Linked: (/workspace/devel/.private/roadmap_msgs/share/roseus/ros/roadmap_msgs/msg/RoadPolyline.l, /workspace/devel/share/roseus/ros/roadmap_msgs/msg/RoadPolyline.l)
Linked: (/workspace/devel/.private/roadmap_msgs/share/roseus/ros/roadmap_msgs/msg/RoadPolylineArray.l, /workspace/devel/share/roseus/ros/roadmap_msgs/msg/RoadPolylineArray.l)
Linked: (/workspace/devel/.private/roadmap_msgs/share/roadmap_msgs/cmake/roadmap_msgsConfig-version.cmake, /workspace/devel/share/roadmap_msgs/cmake/roadmap_msgsConfig-version.cmake)
Linked: (/workspace/devel/.private/roadmap_msgs/share/roadmap_msgs/cmake/roadmap_msgs-msg-extras.cmake, /workspace/devel/share/roadmap_msgs/cmake/roadmap_msgs-msg-extras.cmake)
Linked: (/workspace/devel/.private/roadmap_msgs/share/roadmap_msgs/cmake/roadmap_msgs-msg-paths.cmake, /workspace/devel/share/roadmap_msgs/cmake/roadmap_msgs-msg-paths.cmake)
Linked: (/workspace/devel/.private/roadmap_msgs/share/roadmap_msgs/cmake/roadmap_msgsConfig.cmake, /workspace/devel/share/roadmap_msgs/cmake/roadmap_msgsConfig.cmake)
Linked: (/workspace/devel/.private/roadmap_msgs/share/gennodejs/ros/roadmap_msgs/_index.js, /workspace/devel/share/gennodejs/ros/roadmap_msgs/_index.js)
Linked: (/workspace/devel/.private/roadmap_msgs/share/gennodejs/ros/roadmap_msgs/msg/RoadPolylineArray.js, /workspace/devel/share/gennodejs/ros/roadmap_msgs/msg/RoadPolylineArray.js)
Linked: (/workspace/devel/.private/roadmap_msgs/share/gennodejs/ros/roadmap_msgs/msg/_index.js, /workspace/devel/share/gennodejs/ros/roadmap_msgs/msg/_index.js)
Linked: (/workspace/devel/.private/roadmap_msgs/share/gennodejs/ros/roadmap_msgs/msg/RoadPolyline.js, /workspace/devel/share/gennodejs/ros/roadmap_msgs/msg/RoadPolyline.js)
Linked: (/workspace/devel/.private/roadmap_msgs/include/roadmap_msgs/RoadPolyline.h, /workspace/devel/include/roadmap_msgs/RoadPolyline.h)
Linked: (/workspace/devel/.private/roadmap_msgs/include/roadmap_msgs/RoadPolylineArray.h, /workspace/devel/include/roadmap_msgs/RoadPolylineArray.h)
Linked: (/workspace/devel/.private/roadmap_msgs/lib/pkgconfig/roadmap_msgs.pc, /workspace/devel/lib/pkgconfig/roadmap_msgs.pc)
Linked: (/workspace/devel/.private/roadmap_msgs/lib/python3/dist-packages/roadmap_msgs/__init__.py, /workspace/devel/lib/python3/dist-packages/roadmap_msgs/__init__.py)
Linked: (/workspace/devel/.private/roadmap_msgs/lib/python3/dist-packages/roadmap_msgs/msg/_RoadPolylineArray.py, /workspace/devel/lib/python3/dist-packages/roadmap_msgs/msg/_RoadPolylineArray.py)
Linked: (/workspace/devel/.private/roadmap_msgs/lib/python3/dist-packages/roadmap_msgs/msg/__init__.py, /workspace/devel/lib/python3/dist-packages/roadmap_msgs/msg/__init__.py)
Linked: (/workspace/devel/.private/roadmap_msgs/lib/python3/dist-packages/roadmap_msgs/msg/_RoadPolyline.py, /workspace/devel/lib/python3/dist-packages/roadmap_msgs/msg/_RoadPolyline.py)
