Symlinking /workspace/devel/share/common-lisp/ros/roadmap_msgs/msg/RoadPolylineArray.lisp
Symlinking /workspace/devel/share/common-lisp/ros/roadmap_msgs/msg/_package.lisp
Symlinking /workspace/devel/share/common-lisp/ros/roadmap_msgs/msg/RoadPolyline.lisp
Symlinking /workspace/devel/share/common-lisp/ros/roadmap_msgs/msg/_package_RoadPolyline.lisp
Symlinking /workspace/devel/share/common-lisp/ros/roadmap_msgs/msg/_package_RoadPolylineArray.lisp
Symlinking /workspace/devel/share/common-lisp/ros/roadmap_msgs/msg/roadmap_msgs-msg.asd
Symlinking /workspace/devel/share/roseus/ros/roadmap_msgs/manifest.l
Symlinking /workspace/devel/share/roseus/ros/roadmap_msgs/msg/RoadPolyline.l
Symlinking /workspace/devel/share/roseus/ros/roadmap_msgs/msg/RoadPolylineArray.l
Symlinking /workspace/devel/share/roadmap_msgs/cmake/roadmap_msgsConfig-version.cmake
Symlinking /workspace/devel/share/roadmap_msgs/cmake/roadmap_msgs-msg-extras.cmake
Symlinking /workspace/devel/share/roadmap_msgs/cmake/roadmap_msgs-msg-paths.cmake
Symlinking /workspace/devel/share/roadmap_msgs/cmake/roadmap_msgsConfig.cmake
Symlinking /workspace/devel/share/gennodejs/ros/roadmap_msgs/_index.js
Symlinking /workspace/devel/share/gennodejs/ros/roadmap_msgs/msg/RoadPolylineArray.js
Symlinking /workspace/devel/share/gennodejs/ros/roadmap_msgs/msg/_index.js
Symlinking /workspace/devel/share/gennodejs/ros/roadmap_msgs/msg/RoadPolyline.js
Symlinking /workspace/devel/include/roadmap_msgs/RoadPolyline.h
Symlinking /workspace/devel/include/roadmap_msgs/RoadPolylineArray.h
Symlinking /workspace/devel/lib/pkgconfig/roadmap_msgs.pc
Symlinking /workspace/devel/lib/python3/dist-packages/roadmap_msgs/__init__.py
Symlinking /workspace/devel/lib/python3/dist-packages/roadmap_msgs/msg/_RoadPolylineArray.py
Symlinking /workspace/devel/lib/python3/dist-packages/roadmap_msgs/msg/__init__.py
Symlinking /workspace/devel/lib/python3/dist-packages/roadmap_msgs/msg/_RoadPolyline.py
