Symlinking /workspace/devel/share/common-lisp/ros/mpc_planner_msgs/msg/_package_ObstacleArray.lisp
Symlinking /workspace/devel/share/common-lisp/ros/mpc_planner_msgs/msg/_package_Gaussian.lisp
Symlinking /workspace/devel/share/common-lisp/ros/mpc_planner_msgs/msg/_package.lisp
Symlinking /workspace/devel/share/common-lisp/ros/mpc_planner_msgs/msg/ObstacleGMM.lisp
Symlinking /workspace/devel/share/common-lisp/ros/mpc_planner_msgs/msg/Gaussian.lisp
Symlinking /workspace/devel/share/common-lisp/ros/mpc_planner_msgs/msg/_package_ObstacleGMM.lisp
Symlinking /workspace/devel/share/common-lisp/ros/mpc_planner_msgs/msg/ObstacleArray.lisp
Symlinking /workspace/devel/share/common-lisp/ros/mpc_planner_msgs/msg/mpc_planner_msgs-msg.asd
Symlinking /workspace/devel/share/roseus/ros/mpc_planner_msgs/manifest.l
Symlinking /workspace/devel/share/roseus/ros/mpc_planner_msgs/msg/ObstacleGMM.l
Symlinking /workspace/devel/share/roseus/ros/mpc_planner_msgs/msg/ObstacleArray.l
Symlinking /workspace/devel/share/roseus/ros/mpc_planner_msgs/msg/Gaussian.l
Symlinking /workspace/devel/share/mpc_planner_msgs/cmake/mpc_planner_msgsConfig-version.cmake
Symlinking /workspace/devel/share/mpc_planner_msgs/cmake/mpc_planner_msgs-msg-extras.cmake
Symlinking /workspace/devel/share/mpc_planner_msgs/cmake/mpc_planner_msgs-msg-paths.cmake
Symlinking /workspace/devel/share/mpc_planner_msgs/cmake/mpc_planner_msgsConfig.cmake
Symlinking /workspace/devel/share/gennodejs/ros/mpc_planner_msgs/_index.js
Symlinking /workspace/devel/share/gennodejs/ros/mpc_planner_msgs/msg/_index.js
Symlinking /workspace/devel/share/gennodejs/ros/mpc_planner_msgs/msg/ObstacleGMM.js
Symlinking /workspace/devel/share/gennodejs/ros/mpc_planner_msgs/msg/Gaussian.js
Symlinking /workspace/devel/share/gennodejs/ros/mpc_planner_msgs/msg/ObstacleArray.js
Symlinking /workspace/devel/include/mpc_planner_msgs/Gaussian.h
Symlinking /workspace/devel/include/mpc_planner_msgs/ObstacleGMM.h
Symlinking /workspace/devel/include/mpc_planner_msgs/ObstacleArray.h
Symlinking /workspace/devel/lib/pkgconfig/mpc_planner_msgs.pc
Symlinking /workspace/devel/lib/python3/dist-packages/mpc_planner_msgs/__init__.py
Symlinking /workspace/devel/lib/python3/dist-packages/mpc_planner_msgs/msg/_Gaussian.py
Symlinking /workspace/devel/lib/python3/dist-packages/mpc_planner_msgs/msg/__init__.py
Symlinking /workspace/devel/lib/python3/dist-packages/mpc_planner_msgs/msg/_ObstacleArray.py
Symlinking /workspace/devel/lib/python3/dist-packages/mpc_planner_msgs/msg/_ObstacleGMM.py
