[35m[1mScanning dependencies of target _mpc_planner_msgs_generate_messages_check_deps_Gaussian[0m
[  0%] Built target _mpc_planner_msgs_generate_messages_check_deps_Gaussian
[35m[1mScanning dependencies of target geometry_msgs_generate_messages_cpp[0m
[  0%] Built target geometry_msgs_generate_messages_cpp
[35m[1mScanning dependencies of target nav_msgs_generate_messages_cpp[0m
[  0%] Built target nav_msgs_generate_messages_cpp
[35m[1mScanning dependencies of target std_msgs_generate_messages_cpp[0m
[  0%] Built target std_msgs_generate_messages_cpp
[35m[1mScanning dependencies of target _mpc_planner_msgs_generate_messages_check_deps_ObstacleArray[0m
[  0%] Built target _mpc_planner_msgs_generate_messages_check_deps_ObstacleArray
[35m[1mScanning dependencies of target _mpc_planner_msgs_generate_messages_check_deps_ObstacleGMM[0m
[  0%] Built target _mpc_planner_msgs_generate_messages_check_deps_ObstacleGMM
[35m[1mScanning dependencies of target nav_msgs_generate_messages_py[0m
[  0%] Built target nav_msgs_generate_messages_py
[35m[1mScanning dependencies of target geometry_msgs_generate_messages_py[0m
[  0%] Built target geometry_msgs_generate_messages_py
[35m[1mScanning dependencies of target std_msgs_generate_messages_py[0m
[  0%] Built target std_msgs_generate_messages_py
[35m[1mScanning dependencies of target geometry_msgs_generate_messages_nodejs[0m
[  0%] Built target geometry_msgs_generate_messages_nodejs
[35m[1mScanning dependencies of target nav_msgs_generate_messages_nodejs[0m
[  0%] Built target nav_msgs_generate_messages_nodejs
[35m[1mScanning dependencies of target std_msgs_generate_messages_nodejs[0m
[  0%] Built target std_msgs_generate_messages_nodejs
[35m[1mScanning dependencies of target std_msgs_generate_messages_lisp[0m
[  0%] Built target std_msgs_generate_messages_lisp
[35m[1mScanning dependencies of target nav_msgs_generate_messages_lisp[0m
[  0%] Built target nav_msgs_generate_messages_lisp
[35m[1mScanning dependencies of target geometry_msgs_generate_messages_lisp[0m
[  0%] Built target geometry_msgs_generate_messages_lisp
[35m[1mScanning dependencies of target geometry_msgs_generate_messages_eus[0m
[  0%] Built target geometry_msgs_generate_messages_eus
[35m[1mScanning dependencies of target std_msgs_generate_messages_eus[0m
[  0%] Built target std_msgs_generate_messages_eus
[35m[1mScanning dependencies of target nav_msgs_generate_messages_eus[0m
[  0%] Built target nav_msgs_generate_messages_eus
[35m[1mScanning dependencies of target mpc_planner_msgs_generate_messages_cpp[0m
[  5%] [34m[1mGenerating C++ code from mpc_planner_msgs/Gaussian.msg[0m
[ 11%] [34m[1mGenerating C++ code from mpc_planner_msgs/ObstacleGMM.msg[0m
[ 17%] [34m[1mGenerating C++ code from mpc_planner_msgs/ObstacleArray.msg[0m
[ 17%] Built target mpc_planner_msgs_generate_messages_cpp
[35m[1mScanning dependencies of target mpc_planner_msgs_generate_messages_py[0m
[ 23%] [34m[1mGenerating Python from MSG mpc_planner_msgs/Gaussian[0m
[ 29%] [34m[1mGenerating Python from MSG mpc_planner_msgs/ObstacleGMM[0m
[ 35%] [34m[1mGenerating Python from MSG mpc_planner_msgs/ObstacleArray[0m
[ 41%] [34m[1mGenerating Python msg __init__.py for mpc_planner_msgs[0m
[ 41%] Built target mpc_planner_msgs_generate_messages_py
[35m[1mScanning dependencies of target mpc_planner_msgs_generate_messages_nodejs[0m
[ 47%] [34m[1mGenerating Javascript code from mpc_planner_msgs/Gaussian.msg[0m
[ 52%] [34m[1mGenerating Javascript code from mpc_planner_msgs/ObstacleGMM.msg[0m
[ 58%] [34m[1mGenerating Javascript code from mpc_planner_msgs/ObstacleArray.msg[0m
[ 58%] Built target mpc_planner_msgs_generate_messages_nodejs
[35m[1mScanning dependencies of target mpc_planner_msgs_generate_messages_lisp[0m
[ 64%] [34m[1mGenerating Lisp code from mpc_planner_msgs/Gaussian.msg[0m
[ 70%] [34m[1mGenerating Lisp code from mpc_planner_msgs/ObstacleGMM.msg[0m
[ 76%] [34m[1mGenerating Lisp code from mpc_planner_msgs/ObstacleArray.msg[0m
[ 76%] Built target mpc_planner_msgs_generate_messages_lisp
[35m[1mScanning dependencies of target mpc_planner_msgs_generate_messages_eus[0m
[ 82%] [34m[1mGenerating EusLisp code from mpc_planner_msgs/Gaussian.msg[0m
[ 88%] [34m[1mGenerating EusLisp code from mpc_planner_msgs/ObstacleGMM.msg[0m
[ 94%] [34m[1mGenerating EusLisp code from mpc_planner_msgs/ObstacleArray.msg[0m
[100%] [34m[1mGenerating EusLisp manifest code for mpc_planner_msgs[0m
[100%] Built target mpc_planner_msgs_generate_messages_eus
[35m[1mScanning dependencies of target mpc_planner_msgs_generate_messages[0m
[100%] Built target mpc_planner_msgs_generate_messages
