Linked: (/workspace/devel/.private/mpc_planner_msgs/share/common-lisp/ros/mpc_planner_msgs/msg/_package_ObstacleArray.lisp, /workspace/devel/share/common-lisp/ros/mpc_planner_msgs/msg/_package_ObstacleArray.lisp)
Linked: (/workspace/devel/.private/mpc_planner_msgs/share/common-lisp/ros/mpc_planner_msgs/msg/_package_Gaussian.lisp, /workspace/devel/share/common-lisp/ros/mpc_planner_msgs/msg/_package_Gaussian.lisp)
Linked: (/workspace/devel/.private/mpc_planner_msgs/share/common-lisp/ros/mpc_planner_msgs/msg/_package.lisp, /workspace/devel/share/common-lisp/ros/mpc_planner_msgs/msg/_package.lisp)
Linked: (/workspace/devel/.private/mpc_planner_msgs/share/common-lisp/ros/mpc_planner_msgs/msg/ObstacleGMM.lisp, /workspace/devel/share/common-lisp/ros/mpc_planner_msgs/msg/ObstacleGMM.lisp)
Linked: (/workspace/devel/.private/mpc_planner_msgs/share/common-lisp/ros/mpc_planner_msgs/msg/Gaussian.lisp, /workspace/devel/share/common-lisp/ros/mpc_planner_msgs/msg/Gaussian.lisp)
Linked: (/workspace/devel/.private/mpc_planner_msgs/share/common-lisp/ros/mpc_planner_msgs/msg/_package_ObstacleGMM.lisp, /workspace/devel/share/common-lisp/ros/mpc_planner_msgs/msg/_package_ObstacleGMM.lisp)
Linked: (/workspace/devel/.private/mpc_planner_msgs/share/common-lisp/ros/mpc_planner_msgs/msg/ObstacleArray.lisp, /workspace/devel/share/common-lisp/ros/mpc_planner_msgs/msg/ObstacleArray.lisp)
Linked: (/workspace/devel/.private/mpc_planner_msgs/share/common-lisp/ros/mpc_planner_msgs/msg/mpc_planner_msgs-msg.asd, /workspace/devel/share/common-lisp/ros/mpc_planner_msgs/msg/mpc_planner_msgs-msg.asd)
Linked: (/workspace/devel/.private/mpc_planner_msgs/share/roseus/ros/mpc_planner_msgs/manifest.l, /workspace/devel/share/roseus/ros/mpc_planner_msgs/manifest.l)
Linked: (/workspace/devel/.private/mpc_planner_msgs/share/roseus/ros/mpc_planner_msgs/msg/ObstacleGMM.l, /workspace/devel/share/roseus/ros/mpc_planner_msgs/msg/ObstacleGMM.l)
Linked: (/workspace/devel/.private/mpc_planner_msgs/share/roseus/ros/mpc_planner_msgs/msg/ObstacleArray.l, /workspace/devel/share/roseus/ros/mpc_planner_msgs/msg/ObstacleArray.l)
Linked: (/workspace/devel/.private/mpc_planner_msgs/share/roseus/ros/mpc_planner_msgs/msg/Gaussian.l, /workspace/devel/share/roseus/ros/mpc_planner_msgs/msg/Gaussian.l)
Linked: (/workspace/devel/.private/mpc_planner_msgs/share/mpc_planner_msgs/cmake/mpc_planner_msgsConfig-version.cmake, /workspace/devel/share/mpc_planner_msgs/cmake/mpc_planner_msgsConfig-version.cmake)
Linked: (/workspace/devel/.private/mpc_planner_msgs/share/mpc_planner_msgs/cmake/mpc_planner_msgs-msg-extras.cmake, /workspace/devel/share/mpc_planner_msgs/cmake/mpc_planner_msgs-msg-extras.cmake)
Linked: (/workspace/devel/.private/mpc_planner_msgs/share/mpc_planner_msgs/cmake/mpc_planner_msgs-msg-paths.cmake, /workspace/devel/share/mpc_planner_msgs/cmake/mpc_planner_msgs-msg-paths.cmake)
Linked: (/workspace/devel/.private/mpc_planner_msgs/share/mpc_planner_msgs/cmake/mpc_planner_msgsConfig.cmake, /workspace/devel/share/mpc_planner_msgs/cmake/mpc_planner_msgsConfig.cmake)
Linked: (/workspace/devel/.private/mpc_planner_msgs/share/gennodejs/ros/mpc_planner_msgs/_index.js, /workspace/devel/share/gennodejs/ros/mpc_planner_msgs/_index.js)
Linked: (/workspace/devel/.private/mpc_planner_msgs/share/gennodejs/ros/mpc_planner_msgs/msg/_index.js, /workspace/devel/share/gennodejs/ros/mpc_planner_msgs/msg/_index.js)
Linked: (/workspace/devel/.private/mpc_planner_msgs/share/gennodejs/ros/mpc_planner_msgs/msg/ObstacleGMM.js, /workspace/devel/share/gennodejs/ros/mpc_planner_msgs/msg/ObstacleGMM.js)
Linked: (/workspace/devel/.private/mpc_planner_msgs/share/gennodejs/ros/mpc_planner_msgs/msg/Gaussian.js, /workspace/devel/share/gennodejs/ros/mpc_planner_msgs/msg/Gaussian.js)
Linked: (/workspace/devel/.private/mpc_planner_msgs/share/gennodejs/ros/mpc_planner_msgs/msg/ObstacleArray.js, /workspace/devel/share/gennodejs/ros/mpc_planner_msgs/msg/ObstacleArray.js)
Linked: (/workspace/devel/.private/mpc_planner_msgs/include/mpc_planner_msgs/Gaussian.h, /workspace/devel/include/mpc_planner_msgs/Gaussian.h)
Linked: (/workspace/devel/.private/mpc_planner_msgs/include/mpc_planner_msgs/ObstacleGMM.h, /workspace/devel/include/mpc_planner_msgs/ObstacleGMM.h)
Linked: (/workspace/devel/.private/mpc_planner_msgs/include/mpc_planner_msgs/ObstacleArray.h, /workspace/devel/include/mpc_planner_msgs/ObstacleArray.h)
Linked: (/workspace/devel/.private/mpc_planner_msgs/lib/pkgconfig/mpc_planner_msgs.pc, /workspace/devel/lib/pkgconfig/mpc_planner_msgs.pc)
Linked: (/workspace/devel/.private/mpc_planner_msgs/lib/python3/dist-packages/mpc_planner_msgs/__init__.py, /workspace/devel/lib/python3/dist-packages/mpc_planner_msgs/__init__.py)
Linked: (/workspace/devel/.private/mpc_planner_msgs/lib/python3/dist-packages/mpc_planner_msgs/msg/_Gaussian.py, /workspace/devel/lib/python3/dist-packages/mpc_planner_msgs/msg/_Gaussian.py)
Linked: (/workspace/devel/.private/mpc_planner_msgs/lib/python3/dist-packages/mpc_planner_msgs/msg/__init__.py, /workspace/devel/lib/python3/dist-packages/mpc_planner_msgs/msg/__init__.py)
Linked: (/workspace/devel/.private/mpc_planner_msgs/lib/python3/dist-packages/mpc_planner_msgs/msg/_ObstacleArray.py, /workspace/devel/lib/python3/dist-packages/mpc_planner_msgs/msg/_ObstacleArray.py)
Linked: (/workspace/devel/.private/mpc_planner_msgs/lib/python3/dist-packages/mpc_planner_msgs/msg/_ObstacleGMM.py, /workspace/devel/lib/python3/dist-packages/mpc_planner_msgs/msg/_ObstacleGMM.py)
