[  0%] Built target _mpc_planner_msgs_generate_messages_check_deps_Gaussian
[  0%] Built target geometry_msgs_generate_messages_cpp
[  0%] Built target nav_msgs_generate_messages_cpp
[  0%] Built target std_msgs_generate_messages_cpp
[  0%] Built target _mpc_planner_msgs_generate_messages_check_deps_ObstacleArray
[  0%] Built target _mpc_planner_msgs_generate_messages_check_deps_ObstacleGMM
[  0%] Built target nav_msgs_generate_messages_py
[  0%] Built target geometry_msgs_generate_messages_py
[  0%] Built target std_msgs_generate_messages_py
[  0%] Built target geometry_msgs_generate_messages_nodejs
[  0%] Built target nav_msgs_generate_messages_nodejs
[  0%] Built target std_msgs_generate_messages_nodejs
[  0%] Built target std_msgs_generate_messages_lisp
[  0%] Built target nav_msgs_generate_messages_lisp
[  0%] Built target geometry_msgs_generate_messages_lisp
[  0%] Built target std_msgs_generate_messages_eus
[  0%] Built target nav_msgs_generate_messages_eus
[  0%] Built target geometry_msgs_generate_messages_eus
[ 17%] Built target mpc_planner_msgs_generate_messages_cpp
[ 41%] Built target mpc_planner_msgs_generate_messages_py
[ 58%] Built target mpc_planner_msgs_generate_messages_nodejs
[ 76%] Built target mpc_planner_msgs_generate_messages_lisp
[100%] Built target mpc_planner_msgs_generate_messages_eus
[100%] Built target mpc_planner_msgs_generate_messages
