[  0%] Built target actionlib_generate_messages_py
[ 33%] [34m[1mGenerating dynamic reconfigure files from cfg/rosnavigation.cfg: /workspace/devel/.private/mpc_planner_rosnavigation/include/mpc_planner_rosnavigation/rosnavigationConfig.h /workspace/devel/.private/mpc_planner_rosnavigation/lib/python3/dist-packages/mpc_planner_rosnavigation/cfg/rosnavigationConfig.py[0m
[ 33%] Built target mpc_planner_msgs_generate_messages_lisp
[ 33%] Built target mpc_planner_msgs_generate_messages_eus
[ 33%] Built target costmap_converter_generate_messages_py
[ 33%] Built target mpc_planner_msgs_generate_messages_py
[ 33%] Built target costmap_converter_generate_messages_nodejs
[ 33%] Built target costmap_converter_generate_messages_eus
[ 33%] Built target visualization_msgs_generate_messages_py
[ 33%] Built target costmap_converter_generate_messages_cpp
[ 33%] Built target visualization_msgs_generate_messages_nodejs
[ 33%] Built target visualization_msgs_generate_messages_lisp
[ 33%] Built target nav_msgs_generate_messages_lisp
Generating reconfiguration files for rosnavigation in mpc_planner_rosnavigation
Wrote header file in /workspace/devel/.private/mpc_planner_rosnavigation/include/mpc_planner_rosnavigation/rosnavigationConfig.h
[ 33%] Built target nav_msgs_generate_messages_eus
[ 33%] Built target visualization_msgs_generate_messages_eus
[ 33%] Built target nav_msgs_generate_messages_cpp
[ 33%] Built target map_msgs_generate_messages_nodejs
[ 33%] Built target map_msgs_generate_messages_lisp
[ 33%] Built target map_msgs_generate_messages_cpp
[ 33%] Built target mpc_planner_rosnavigation_gencfg
[ 33%] Built target tf2_msgs_generate_messages_nodejs
[ 33%] Built target tf2_msgs_generate_messages_lisp
[ 33%] Built target costmap_converter_gencfg
[ 33%] Built target _catkin_empty_exported_target
[ 33%] Built target map_msgs_generate_messages_eus
[ 33%] Built target actionlib_msgs_generate_messages_py
[ 33%] Built target dynamic_reconfigure_gencfg
[ 33%] Built target geometry_msgs_generate_messages_eus
[ 33%] Built target std_msgs_generate_messages_nodejs
[ 33%] Built target tf2_msgs_generate_messages_cpp
[ 33%] Built target dynamic_reconfigure_generate_messages_lisp
[ 33%] Built target dynamic_reconfigure_generate_messages_cpp
[ 33%] Built target nav_msgs_generate_messages_py
[ 33%] Built target tf_generate_messages_lisp
[ 33%] Built target costmap_2d_gencfg
[ 33%] Built target dynamic_reconfigure_generate_messages_nodejs
[ 33%] Built target tf2_msgs_generate_messages_py
[ 33%] Built target mpc_planner_msgs_generate_messages_cpp
[ 33%] Built target nav_msgs_generate_messages_nodejs
[ 33%] Built target sensor_msgs_generate_messages_cpp
[ 33%] Built target costmap_2d_generate_messages_lisp
[ 33%] Built target costmap_2d_generate_messages_py
[ 33%] Built target roscpp_generate_messages_lisp
[ 33%] Built target actionlib_generate_messages_lisp
[ 33%] Built target map_msgs_generate_messages_py
[ 33%] Built target actionlib_msgs_generate_messages_eus
[ 33%] Built target dynamic_reconfigure_generate_messages_py
[ 33%] Built target guidance_planner_gencfg
[ 33%] Built target base_local_planner_generate_messages_cpp
[ 33%] Built target tf_generate_messages_eus
[ 33%] Built target base_local_planner_generate_messages_eus
[ 33%] Built target rosgraph_msgs_generate_messages_lisp
[ 33%] Built target rosgraph_msgs_generate_messages_py
[ 33%] Built target mpc_planner_msgs_generate_messages_nodejs
[ 33%] Built target base_local_planner_generate_messages_lisp
[ 33%] Built target base_local_planner_generate_messages_nodejs
[ 33%] Built target std_msgs_generate_messages_cpp
[ 33%] Built target base_local_planner_generate_messages_py
[ 33%] Built target std_msgs_generate_messages_py
[ 33%] Built target base_local_planner_gencfg
[ 33%] Built target roscpp_generate_messages_eus
[ 33%] Built target std_msgs_generate_messages_lisp
[ 33%] Built target costmap_2d_generate_messages_nodejs
[ 33%] Built target geometry_msgs_generate_messages_cpp
[ 33%] Built target costmap_2d_generate_messages_eus
[ 33%] Built target geometry_msgs_generate_messages_py
[ 33%] Built target tf2_msgs_generate_messages_eus
[ 33%] Built target costmap_2d_generate_messages_cpp
[ 33%] Built target sensor_msgs_generate_messages_py
[ 33%] Built target actionlib_generate_messages_cpp
[ 33%] Built target rosgraph_msgs_generate_messages_nodejs
[ 33%] Built target geometry_msgs_generate_messages_lisp
[ 33%] Built target tf_generate_messages_cpp
[ 33%] Built target geometry_msgs_generate_messages_nodejs
[ 33%] Built target dynamic_reconfigure_generate_messages_eus
[ 33%] Built target tf_generate_messages_nodejs
[ 33%] Built target std_msgs_generate_messages_eus
[ 33%] Built target actionlib_msgs_generate_messages_nodejs
[ 33%] Built target actionlib_msgs_generate_messages_lisp
[ 33%] Built target roscpp_generate_messages_py
[ 33%] Built target tf_generate_messages_py
[ 33%] Built target roscpp_generate_messages_cpp
[ 33%] Built target roscpp_generate_messages_nodejs
[ 33%] Built target rosgraph_msgs_generate_messages_eus
[ 33%] Built target visualization_msgs_generate_messages_cpp
[ 33%] Built target sensor_msgs_generate_messages_eus
[ 33%] Built target sensor_msgs_generate_messages_lisp
[ 33%] Built target sensor_msgs_generate_messages_nodejs
[ 33%] Built target actionlib_generate_messages_eus
[ 33%] Built target rosgraph_msgs_generate_messages_cpp
[ 33%] Built target actionlib_msgs_generate_messages_cpp
[ 33%] Built target actionlib_generate_messages_nodejs
[ 33%] Built target costmap_converter_generate_messages_lisp
[35m[1mScanning dependencies of target mpc_planner_rosnavigation[0m
[ 66%] [32mBuilding CXX object CMakeFiles/mpc_planner_rosnavigation.dir/src/ros1_rosnavigation.cpp.o[0m
[100%] [32m[1mLinking CXX shared library /workspace/devel/.private/mpc_planner_rosnavigation/lib/libmpc_planner_rosnavigation.so[0m
[100%] Built target mpc_planner_rosnavigation
